\BOOKMARK [0][-]{figure.caption.1}{Abstract}{}% 1
\BOOKMARK [0][-]{figure.caption.1}{Acknowledgements}{}% 2
\BOOKMARK [0][-]{chapter*.5}{Nomenclature}{}% 3
\BOOKMARK [0][-]{chapter.1}{Introduction}{}% 4
\BOOKMARK [1][-]{section.1.1}{Motivation}{chapter.1}% 5
\BOOKMARK [1][-]{section.1.2}{The iron sulphide greigite}{chapter.1}% 6
\BOOKMARK [2][-]{subsection.1.2.1}{Greigite occurrence in sediments}{section.1.2}% 7
\BOOKMARK [2][-]{subsection.1.2.2}{Greigite textures: framboidal clusters}{section.1.2}% 8
\BOOKMARK [1][-]{section.1.3}{Magnetism and matter}{chapter.1}% 9
\BOOKMARK [2][-]{subsection.1.3.1}{Fundamentals of magnetism}{section.1.3}% 10
\BOOKMARK [2][-]{subsection.1.3.2}{Diamagnetism and paramagnetism}{section.1.3}% 11
\BOOKMARK [2][-]{subsection.1.3.3}{Ferromagnetism}{section.1.3}% 12
\BOOKMARK [1][-]{section.1.4}{Micromagnetics}{chapter.1}% 13
\BOOKMARK [2][-]{subsection.1.4.1}{Magnetic Gibbs free energy}{section.1.4}% 14
\BOOKMARK [2][-]{subsection.1.4.2}{The Landau-Lifshitz-Gilbert equation}{section.1.4}% 15
\BOOKMARK [2][-]{subsection.1.4.3}{Micromagnetic modelling}{section.1.4}% 16
\BOOKMARK [1][-]{section.1.5}{Brief introduction to the thesis}{chapter.1}% 17
\BOOKMARK [0][-]{chapter.2}{The magnetic structure and palaeomagnetic recording fidelity of sub-micron greigite \(Fe3S4\)}{}% 18
\BOOKMARK [1][-]{section.2.1}{Introduction}{chapter.2}% 19
\BOOKMARK [1][-]{section.2.2}{Methodology}{chapter.2}% 20
\BOOKMARK [2][-]{subsection.2.2.1}{The micromagnetic algorithm}{section.2.2}% 21
\BOOKMARK [2][-]{subsection.2.2.2}{Choice of morphologies}{section.2.2}% 22
\BOOKMARK [2][-]{subsection.2.2.3}{Crystal growth model}{section.2.2}% 23
\BOOKMARK [2][-]{subsection.2.2.4}{Relaxation times}{section.2.2}% 24
\BOOKMARK [1][-]{section.2.3}{Results and Discussion}{chapter.2}% 25
\BOOKMARK [2][-]{subsection.2.3.1}{Magnetic structure in the SD\205PSD regime}{section.2.3}% 26
\BOOKMARK [2][-]{subsection.2.3.2}{Identifying the PSD\205MD transition}{section.2.3}% 27
\BOOKMARK [2][-]{subsection.2.3.3}{Energy barriers and blocking volumes}{section.2.3}% 28
\BOOKMARK [1][-]{section.2.4}{Conclusion}{chapter.2}% 29
\BOOKMARK [0][-]{chapter.3}{First-Order Reversal Curve \(FORC\) Diagrams of Nanomagnets with Cubic Magnetocrystalline Anisotropy}{}% 30
\BOOKMARK [1][-]{section.3.1}{Introduction}{chapter.3}% 31
\BOOKMARK [1][-]{section.3.2}{Method}{chapter.3}% 32
\BOOKMARK [2][-]{subsection.3.2.1}{The FORC model}{section.3.2}% 33
\BOOKMARK [2][-]{subsection.3.2.2}{Backtracking line-search gradient-descent method}{section.3.2}% 34
\BOOKMARK [1][-]{section.3.3}{Results and Discussion}{chapter.3}% 35
\BOOKMARK [1][-]{section.3.4}{Conclusion}{chapter.3}% 36
\BOOKMARK [0][-]{chapter.4}{Magnetic vortex effects on first-order reversal curve \(FORC\) diagrams for greigite dispersions}{}% 37
\BOOKMARK [1][-]{section.4.1}{Introduction}{chapter.4}% 38
\BOOKMARK [1][-]{section.4.2}{Methods}{chapter.4}% 39
\BOOKMARK [2][-]{subsection.4.2.1}{The micromagnetic algorithm}{section.4.2}% 40
\BOOKMARK [2][-]{subsection.4.2.2}{The FORC model}{section.4.2}% 41
\BOOKMARK [1][-]{section.4.3}{Results}{chapter.4}% 42
\BOOKMARK [1][-]{section.4.4}{Discussion}{chapter.4}% 43
\BOOKMARK [1][-]{section.4.5}{Conclusion}{chapter.4}% 44
\BOOKMARK [0][-]{chapter.5}{First-order reversal curve diagram modelling of framboidal greigite}{}% 45
\BOOKMARK [1][-]{section.5.1}{Introduction}{chapter.5}% 46
\BOOKMARK [1][-]{section.5.2}{Methodology}{chapter.5}% 47
\BOOKMARK [2][-]{subsection.5.2.1}{The micromagnetic method}{section.5.2}% 48
\BOOKMARK [2][-]{subsection.5.2.2}{The FORC model}{section.5.2}% 49
\BOOKMARK [1][-]{section.5.3}{Results}{chapter.5}% 50
\BOOKMARK [2][-]{subsection.5.3.1}{The hysteresis and FORC response of framboidal greigite}{section.5.3}% 51
\BOOKMARK [2][-]{subsection.5.3.2}{Hysteresis of larger particle framboids}{section.5.3}% 52
\BOOKMARK [1][-]{section.5.4}{Discussion}{chapter.5}% 53
\BOOKMARK [1][-]{section.5.5}{Conclusions}{chapter.5}% 54
\BOOKMARK [0][-]{chapter.6}{Conclusions}{}% 55
\BOOKMARK [1][-]{section.6.1}{Numerical models and greigite}{chapter.6}% 56
\BOOKMARK [2][-]{subsection.6.1.1}{Basic zero-field properties}{section.6.1}% 57
\BOOKMARK [2][-]{subsection.6.1.2}{Hysteretic and FORC properties}{section.6.1}% 58
\BOOKMARK [1][-]{section.6.2}{Future work}{chapter.6}% 59
\BOOKMARK [0][-]{chapter*.47}{References}{}% 60
\BOOKMARK [0][-]{appendix.A}{Ideal particle hysteresis code}{}% 61
